  Caster.cpp
E:\myStuff\coding\projects\raycast\Raycast\Caster.cpp(18,14): warning C4305: '+=': truncation from 'double' to 'float'
E:\myStuff\coding\projects\raycast\Raycast\Caster.cpp(20,14): warning C4305: '-=': truncation from 'double' to 'float'
E:\myStuff\coding\projects\raycast\Raycast\Caster.cpp(53,30): warning C4244: '=': conversion from 'double' to 'float', possible loss of data
E:\myStuff\coding\projects\raycast\Raycast\Caster.cpp(65,48): warning C4244: '=': conversion from 'double' to 'float', possible loss of data
E:\myStuff\coding\projects\raycast\Raycast\Caster.cpp(72,48): warning C4244: '=': conversion from 'int' to 'float', possible loss of data
E:\myStuff\coding\projects\raycast\Raycast\Caster.cpp(112,48): warning C4244: '=': conversion from 'double' to 'float', possible loss of data
E:\myStuff\coding\projects\raycast\Raycast\Caster.cpp(119,48): warning C4244: '=': conversion from 'int' to 'float', possible loss of data
E:\myStuff\coding\projects\raycast\Raycast\Caster.cpp(158,23): warning C4305: 'argument': truncation from 'double' to 'GLfloat'
E:\myStuff\coding\projects\raycast\Raycast\Caster.cpp(165,23): warning C4305: 'argument': truncation from 'double' to 'GLfloat'
E:\myStuff\coding\projects\raycast\Raycast\Caster.cpp(187,27): warning C4244: 'argument': conversion from 'float' to 'GLint', possible loss of data
E:\myStuff\coding\projects\raycast\Raycast\Caster.cpp(188,33): warning C4244: 'argument': conversion from 'float' to 'GLint', possible loss of data
E:\myStuff\coding\projects\raycast\Raycast\Caster.cpp(191,11): warning C4305: '+=': truncation from 'double' to 'float'
  Level.cpp
  Player.cpp
E:\myStuff\coding\projects\raycast\Raycast\Player.cpp(28,23): warning C4244: 'argument': conversion from 'float' to 'GLint', possible loss of data
E:\myStuff\coding\projects\raycast\Raycast\Player.cpp(28,16): warning C4244: 'argument': conversion from 'float' to 'GLint', possible loss of data
E:\myStuff\coding\projects\raycast\Raycast\Player.cpp(34,23): warning C4244: 'argument': conversion from 'float' to 'GLint', possible loss of data
E:\myStuff\coding\projects\raycast\Raycast\Player.cpp(34,16): warning C4244: 'argument': conversion from 'float' to 'GLint', possible loss of data
E:\myStuff\coding\projects\raycast\Raycast\Player.cpp(35,43): warning C4244: 'argument': conversion from 'float' to 'GLint', possible loss of data
E:\myStuff\coding\projects\raycast\Raycast\Player.cpp(35,19): warning C4244: 'argument': conversion from 'float' to 'GLint', possible loss of data
E:\myStuff\coding\projects\raycast\Raycast\Player.cpp(57,22): warning C4305: '+=': truncation from 'double' to 'float'
E:\myStuff\coding\projects\raycast\Raycast\Player.cpp(60,22): warning C4305: '-=': truncation from 'double' to 'float'
  Source.cpp
E:\myStuff\coding\projects\raycast\Raycast\Source.cpp(111,19): warning C4305: 'argument': truncation from 'double' to 'float'
E:\myStuff\coding\projects\raycast\Raycast\Source.cpp(114,18): warning C4305: 'argument': truncation from 'double' to 'float'
  Generating Code...
LINK : warning LNK4098: defaultlib 'LIBCMT' conflicts with use of other libs; use /NODEFAULTLIB:library
LINK : warning LNK4098: defaultlib 'MSVCRT' conflicts with use of other libs; use /NODEFAULTLIB:library
glew32s.lib(glew.obj) : warning LNK4099: PDB 'vc120.pdb' was not found with 'glew32s.lib(glew.obj)' or at 'E:\myStuff\coding\projects\raycast\Raycast\Debug\vc120.pdb'; linking object as if no debug info
  Raycast.vcxproj -> E:\myStuff\coding\projects\raycast\Raycast\Debug\Raycast.exe
